<?xml version="1.0" encoding="UTF-8"?>
<!-- Generated by org.testng.reporters.JUnitReportReporter -->
<testsuite hostname="DESKTOP-1RK3SK9" failures="0" tests="3" name="dependsmethod.parametrized" time="20.380" errors="0" timestamp="2024-09-05T15:49:08 IST" skipped="0">
  <testcase classname="dependsmethod.parametrized" name="loginFunctionality" time="7.360"/>
  <testcase classname="dependsmethod.parametrized" name="logoutFunctionality" time="6.647"/>
  <testcase classname="dependsmethod.parametrized" name="Forgetpassword" time="6.373"/>
</testsuite> <!-- dependsmethod.parametrized -->
