<?xml version="1.0" encoding="UTF-8"?>
<!-- Generated by org.testng.reporters.JUnitReportReporter -->
<testsuite hostname="DESKTOP-1RK3SK9" failures="0" tests="3" name="hrm.Orange" time="19.014" errors="0" timestamp="2024-09-10T16:01:51 IST" skipped="0">
  <testcase classname="hrm.Orange" name="loginFunctionality" time="6.348"/>
  <testcase classname="hrm.Orange" name="logoutFunctionality" time="6.091"/>
  <testcase classname="hrm.Orange" name="forgetpassword" time="6.575"/>
</testsuite> <!-- hrm.Orange -->
