<?xml version="1.0" encoding="UTF-8"?>
<!-- Generated by org.testng.reporters.JUnitReportReporter -->
<testsuite hostname="DESKTOP-1RK3SK9" failures="0" tests="5" name="invocationCount.Orangehrm" time="43.684" errors="0" timestamp="2024-09-06T14:25:55 IST" skipped="0">
  <testcase classname="invocationCount.Orangehrm" name="loginFunctionality" time="8.180"/>
  <testcase classname="invocationCount.Orangehrm" name="loginFunctionality" time="8.549"/>
  <testcase classname="invocationCount.Orangehrm" name="loginFunctionality" time="9.292"/>
  <testcase classname="invocationCount.Orangehrm" name="loginFunctionality" time="9.168"/>
  <testcase classname="invocationCount.Orangehrm" name="loginFunctionality" time="8.495"/>
</testsuite> <!-- invocationCount.Orangehrm -->
