<?xml version="1.0" encoding="UTF-8"?>
<!-- Generated by org.testng.reporters.JUnitReportReporter -->
<testsuite hostname="DESKTOP-1RK3SK9" failures="0" tests="4" name="dataprovider.Adactin" time="1.790" errors="0" timestamp="2024-09-25T10:46:34 IST" skipped="0">
  <testcase classname="dataprovider.Adactin" name="loginFunctionality" time="0.427"/>
  <testcase classname="dataprovider.Adactin" name="loginFunctionality" time="0.571"/>
  <testcase classname="dataprovider.Adactin" name="loginFunctionality" time="0.400"/>
  <testcase classname="dataprovider.Adactin" name="loginFunctionality" time="0.392"/>
</testsuite> <!-- dataprovider.Adactin -->
