<?xml version="1.0" encoding="UTF-8"?>
<!-- Generated by org.testng.reporters.JUnitReportReporter -->
<testsuite hostname="DESKTOP-1RK3SK9" failures="0" tests="4" name="luma.Parametrization" time="26.983" errors="0" timestamp="2024-09-05T15:51:56 IST" skipped="0">
  <testcase classname="luma.Parametrization" name="Registerfunctionality" time="3.360"/>
  <testcase classname="luma.Parametrization" name="logoutfunctionality" time="8.490"/>
  <testcase classname="luma.Parametrization" name="loginfunctionality" time="11.422"/>
  <testcase classname="luma.Parametrization" name="reloginfunctionality" time="3.711"/>
</testsuite> <!-- luma.Parametrization -->
