<?xml version="1.0" encoding="UTF-8"?>
<!-- Generated by org.testng.reporters.JUnitReportReporter -->
<testsuite hostname="DESKTOP-1RK3SK9" failures="0" tests="3" name="dependsmethod.OrangeHrm" time="18.569" errors="0" timestamp="2024-09-05T10:22:49 IST" skipped="0">
  <testcase classname="dependsmethod.OrangeHrm" name="logoutFunctionality" time="5.773"/>
  <testcase classname="dependsmethod.OrangeHrm" name="Forgetpassword" time="6.198"/>
  <testcase classname="dependsmethod.OrangeHrm" name="loginFunctionality" time="6.598"/>
</testsuite> <!-- dependsmethod.OrangeHrm -->
